<?xml version="1.0" encoding="UTF-8"?>
<testng-results skipped="0" failed="0" ignored="0" total="1" passed="1">
  <reporter-output>
  </reporter-output>
  <suite name="Suite" duration-ms="26453" started-at="2017-08-20T13:09:13Z" finished-at="2017-08-20T13:09:40Z">
    <groups>
    </groups>
    <test name="Test1" duration-ms="26453" started-at="2017-08-20T13:09:13Z" finished-at="2017-08-20T13:09:40Z">
      <class name="maven.org.com.MavenProject.NewTest">
        <test-method status="PASS" signature="beforeTest()[pri:0, instance:maven.org.com.MavenProject.NewTest@2ed94a8b]" name="beforeTest" is-config="true" duration-ms="10342" started-at="2017-08-20T18:39:13Z" finished-at="2017-08-20T18:39:24Z">
          <reporter-output>
          </reporter-output>
        </test-method> <!-- beforeTest -->
        <test-method status="PASS" signature="f()[pri:0, instance:maven.org.com.MavenProject.NewTest@2ed94a8b]" name="f" duration-ms="15393" started-at="2017-08-20T18:39:24Z" finished-at="2017-08-20T18:39:39Z">
          <reporter-output>
          </reporter-output>
        </test-method> <!-- f -->
        <test-method status="PASS" signature="afterTest()[pri:0, instance:maven.org.com.MavenProject.NewTest@2ed94a8b]" name="afterTest" is-config="true" duration-ms="675" started-at="2017-08-20T18:39:39Z" finished-at="2017-08-20T18:39:40Z">
          <reporter-output>
          </reporter-output>
        </test-method> <!-- afterTest -->
      </class> <!-- maven.org.com.MavenProject.NewTest -->
    </test> <!-- Test1 -->
  </suite> <!-- Suite -->
</testng-results>
