<?xml version="1.0" encoding="UTF-8"?>
<testng-results skipped="0" failed="0" ignored="0" total="1" passed="1">
  <reporter-output>
  </reporter-output>
  <suite name="Suite" duration-ms="28636" started-at="2017-08-20T11:55:53Z" finished-at="2017-08-20T11:56:21Z">
    <groups>
    </groups>
    <test name="Test1" duration-ms="28636" started-at="2017-08-20T11:55:53Z" finished-at="2017-08-20T11:56:21Z">
      <class name="maven.org.com.MavenProject.NewTest">
        <test-method status="PASS" signature="beforeTest()[pri:0, instance:maven.org.com.MavenProject.NewTest@3e6fa38a]" name="beforeTest" is-config="true" duration-ms="13249" started-at="2017-08-20T17:25:53Z" finished-at="2017-08-20T17:26:06Z">
          <reporter-output>
          </reporter-output>
        </test-method> <!-- beforeTest -->
        <test-method status="PASS" signature="f()[pri:0, instance:maven.org.com.MavenProject.NewTest@3e6fa38a]" name="f" duration-ms="14711" started-at="2017-08-20T17:26:06Z" finished-at="2017-08-20T17:26:21Z">
          <reporter-output>
          </reporter-output>
        </test-method> <!-- f -->
        <test-method status="PASS" signature="afterTest()[pri:0, instance:maven.org.com.MavenProject.NewTest@3e6fa38a]" name="afterTest" is-config="true" duration-ms="637" started-at="2017-08-20T17:26:21Z" finished-at="2017-08-20T17:26:21Z">
          <reporter-output>
          </reporter-output>
        </test-method> <!-- afterTest -->
      </class> <!-- maven.org.com.MavenProject.NewTest -->
    </test> <!-- Test1 -->
  </suite> <!-- Suite -->
</testng-results>
